<?xml version="1.0" encoding="UTF-8"?>
<!-- Generated by org.testng.reporters.JUnitReportReporter -->
<testsuite hostname="DESKTOP-PN8R175" failures="0" tests="18" name="com.DsAlog.Qa.Tests.LinkedListPageTestFlow" time="15.743" errors="0" timestamp="2022-05-03T10:23:33 EDT" skipped="0">
  <testcase classname="com.DsAlog.Qa.Tests.LinkedListPageTestFlow" name="dropLinkedListselectionTest" time="0.527"/>
  <system-out/>
  <testcase classname="com.DsAlog.Qa.Tests.LinkedListPageTestFlow" name="dropLinkedListselectionTest" time="0.413"/>
  <system-out/>
  <testcase classname="com.DsAlog.Qa.Tests.LinkedListPageTestFlow" name="LListLinkCountTest" time="0.157"/>
  <system-out/>
  <testcase classname="com.DsAlog.Qa.Tests.LinkedListPageTestFlow" name="LListLinkCountTest" time="0.271"/>
  <system-out/>
  <testcase classname="com.DsAlog.Qa.Tests.LinkedListPageTestFlow" name="introclickTest" time="1.174"/>
  <system-out/>
  <testcase classname="com.DsAlog.Qa.Tests.LinkedListPageTestFlow" name="introclickTest" time="0.930"/>
  <system-out/>
  <testcase classname="com.DsAlog.Qa.Tests.LinkedListPageTestFlow" name="clinklistclickTest" time="0.918"/>
  <system-out/>
  <testcase classname="com.DsAlog.Qa.Tests.LinkedListPageTestFlow" name="clinklistclickTest" time="1.131"/>
  <system-out/>
  <testcase classname="com.DsAlog.Qa.Tests.LinkedListPageTestFlow" name="typeslinklistTest" time="0.840"/>
  <system-out/>
  <testcase classname="com.DsAlog.Qa.Tests.LinkedListPageTestFlow" name="typeslinklistTest" time="1.268"/>
  <system-out/>
  <testcase classname="com.DsAlog.Qa.Tests.LinkedListPageTestFlow" name="implinklistclickTest" time="0.806"/>
  <system-out/>
  <testcase classname="com.DsAlog.Qa.Tests.LinkedListPageTestFlow" name="implinklistclickTest" time="1.142"/>
  <system-out/>
  <testcase classname="com.DsAlog.Qa.Tests.LinkedListPageTestFlow" name="traversalclickTest" time="0.774"/>
  <system-out/>
  <testcase classname="com.DsAlog.Qa.Tests.LinkedListPageTestFlow" name="traversalclickTest" time="1.175"/>
  <system-out/>
  <testcase classname="com.DsAlog.Qa.Tests.LinkedListPageTestFlow" name="insertionclickTest" time="0.883"/>
  <system-out/>
  <testcase classname="com.DsAlog.Qa.Tests.LinkedListPageTestFlow" name="insertionclickTest" time="1.206"/>
  <system-out/>
  <testcase classname="com.DsAlog.Qa.Tests.LinkedListPageTestFlow" name="deletionclickTest" time="1.300"/>
  <system-out/>
  <testcase classname="com.DsAlog.Qa.Tests.LinkedListPageTestFlow" name="deletionclickTest" time="0.828"/>
  <system-out/>
</testsuite> <!-- com.DsAlog.Qa.Tests.LinkedListPageTestFlow -->
