<?xml version="1.0" encoding="UTF-8"?>
<!-- Generated by org.testng.reporters.JUnitReportReporter -->
<testsuite hostname="DESKTOP-PN8R175" failures="0" tests="10" name="com.DsAlog.Qa.Tests.TreePageTest" time="3.600" errors="0" timestamp="2022-05-04T16:02:48 EDT" skipped="0">
  <testcase classname="com.DsAlog.Qa.Tests.TreePageTest" name="TreeSelctionTest" time="0.215"/>
  <system-out/>
  <testcase classname="com.DsAlog.Qa.Tests.TreePageTest" name="TreeSelctionTest" time="0.197"/>
  <system-out/>
  <testcase classname="com.DsAlog.Qa.Tests.TreePageTest" name="TreeLinkCountTest" time="0.215"/>
  <system-out/>
  <testcase classname="com.DsAlog.Qa.Tests.TreePageTest" name="TreeLinkCountTest" time="0.221"/>
  <system-out/>
  <testcase classname="com.DsAlog.Qa.Tests.TreePageTest" name="TreeoverviewclickTest" time="0.493"/>
  <system-out/>
  <testcase classname="com.DsAlog.Qa.Tests.TreePageTest" name="TreeoverviewclickTest" time="0.458"/>
  <system-out/>
  <testcase classname="com.DsAlog.Qa.Tests.TreePageTest" name="terminologieclickTest" time="0.463"/>
  <system-out/>
  <testcase classname="com.DsAlog.Qa.Tests.TreePageTest" name="terminologieclickTest" time="0.459"/>
  <system-out/>
  <testcase classname="com.DsAlog.Qa.Tests.TreePageTest" name="treetypesclickTest" time="0.468"/>
  <system-out/>
  <testcase classname="com.DsAlog.Qa.Tests.TreePageTest" name="treetypesclickTest" time="0.411"/>
  <system-out/>
</testsuite> <!-- com.DsAlog.Qa.Tests.TreePageTest -->
