<?xml version="1.0" encoding="UTF-8"?>
<!-- Generated by org.testng.reporters.JUnitReportReporter -->
<testsuite hostname="DESKTOP-PN8R175" failures="0" tests="18" name="com.DsAlog.Qa.Tests.LinkedListPageTest" time="7.109" errors="0" timestamp="2022-05-04T16:02:48 EDT" skipped="0">
  <testcase classname="com.DsAlog.Qa.Tests.LinkedListPageTest" name="dropLinkedListselectionTest" time="0.229"/>
  <system-out/>
  <testcase classname="com.DsAlog.Qa.Tests.LinkedListPageTest" name="dropLinkedListselectionTest" time="0.206"/>
  <system-out/>
  <testcase classname="com.DsAlog.Qa.Tests.LinkedListPageTest" name="LListLinkCountTest" time="0.129"/>
  <system-out/>
  <testcase classname="com.DsAlog.Qa.Tests.LinkedListPageTest" name="LListLinkCountTest" time="0.121"/>
  <system-out/>
  <testcase classname="com.DsAlog.Qa.Tests.LinkedListPageTest" name="introclickTest" time="0.443"/>
  <system-out/>
  <testcase classname="com.DsAlog.Qa.Tests.LinkedListPageTest" name="introclickTest" time="0.501"/>
  <system-out/>
  <testcase classname="com.DsAlog.Qa.Tests.LinkedListPageTest" name="clinklistclickTest" time="0.437"/>
  <system-out/>
  <testcase classname="com.DsAlog.Qa.Tests.LinkedListPageTest" name="clinklistclickTest" time="0.449"/>
  <system-out/>
  <testcase classname="com.DsAlog.Qa.Tests.LinkedListPageTest" name="typeslinklistTest" time="0.412"/>
  <system-out/>
  <testcase classname="com.DsAlog.Qa.Tests.LinkedListPageTest" name="typeslinklistTest" time="0.490"/>
  <system-out/>
  <testcase classname="com.DsAlog.Qa.Tests.LinkedListPageTest" name="implinklistclickTest" time="0.483"/>
  <system-out/>
  <testcase classname="com.DsAlog.Qa.Tests.LinkedListPageTest" name="implinklistclickTest" time="0.383"/>
  <system-out/>
  <testcase classname="com.DsAlog.Qa.Tests.LinkedListPageTest" name="traversalclickTest" time="0.486"/>
  <system-out/>
  <testcase classname="com.DsAlog.Qa.Tests.LinkedListPageTest" name="traversalclickTest" time="0.438"/>
  <system-out/>
  <testcase classname="com.DsAlog.Qa.Tests.LinkedListPageTest" name="insertionclickTest" time="0.450"/>
  <system-out/>
  <testcase classname="com.DsAlog.Qa.Tests.LinkedListPageTest" name="insertionclickTest" time="0.535"/>
  <system-out/>
  <testcase classname="com.DsAlog.Qa.Tests.LinkedListPageTest" name="deletionclickTest" time="0.434"/>
  <system-out/>
  <testcase classname="com.DsAlog.Qa.Tests.LinkedListPageTest" name="deletionclickTest" time="0.483"/>
  <system-out/>
</testsuite> <!-- com.DsAlog.Qa.Tests.LinkedListPageTest -->
