<?xml version="1.0" encoding="UTF-8"?>
<!-- Generated by org.testng.reporters.JUnitReportReporter -->
<testsuite hostname="DESKTOP-PN8R175" failures="0" tests="12" name="com.DsAlog.Qa.Tests.QueuePageTest" time="3.966" errors="0" timestamp="2022-05-04T16:02:48 EDT" skipped="0">
  <testcase classname="com.DsAlog.Qa.Tests.QueuePageTest" name="QueueSelctionTest" time="0.183"/>
  <system-out/>
  <testcase classname="com.DsAlog.Qa.Tests.QueuePageTest" name="QueueSelctionTest" time="0.203"/>
  <system-out/>
  <testcase classname="com.DsAlog.Qa.Tests.QueuePageTest" name="QueueLinkCountTest" time="0.074"/>
  <system-out/>
  <testcase classname="com.DsAlog.Qa.Tests.QueuePageTest" name="QueueLinkCountTest" time="0.070"/>
  <system-out/>
  <testcase classname="com.DsAlog.Qa.Tests.QueuePageTest" name="impQueueclickTest" time="0.490"/>
  <system-out/>
  <testcase classname="com.DsAlog.Qa.Tests.QueuePageTest" name="impQueueclickTest" time="0.419"/>
  <system-out/>
  <testcase classname="com.DsAlog.Qa.Tests.QueuePageTest" name="impcollectionsclickTest" time="0.429"/>
  <system-out/>
  <testcase classname="com.DsAlog.Qa.Tests.QueuePageTest" name="impcollectionsclickTest" time="0.390"/>
  <system-out/>
  <testcase classname="com.DsAlog.Qa.Tests.QueuePageTest" name="imparrayclickTest" time="0.449"/>
  <system-out/>
  <testcase classname="com.DsAlog.Qa.Tests.QueuePageTest" name="imparrayclickTest" time="0.397"/>
  <system-out/>
  <testcase classname="com.DsAlog.Qa.Tests.QueuePageTest" name="QueueoperclickTest" time="0.429"/>
  <system-out/>
  <testcase classname="com.DsAlog.Qa.Tests.QueuePageTest" name="QueueoperclickTest" time="0.433"/>
  <system-out/>
</testsuite> <!-- com.DsAlog.Qa.Tests.QueuePageTest -->
