<?xml version="1.0" encoding="UTF-8"?>
<!-- Generated by org.testng.reporters.JUnitReportReporter -->
<testsuite hostname="DESKTOP-PN8R175" failures="0" tests="36" name="FlowTest.ArrayPageTestFlow" time="10.727" errors="0" timestamp="2022-05-03T06:55:31 EDT" skipped="0">
  <testcase classname="FlowTest.ArrayPageTestFlow" name="HomepageTestArray" time="0.376"/>
  <system-out/>
  <testcase classname="FlowTest.ArrayPageTestFlow" name="HomepageTestArray" time="0.506"/>
  <system-out/>
  <testcase classname="FlowTest.ArrayPageTestFlow" name="APageModuleCountTest" time="0.084"/>
  <system-out/>
  <testcase classname="FlowTest.ArrayPageTestFlow" name="APageModuleCountTest" time="0.199"/>
  <system-out/>
  <testcase classname="FlowTest.ArrayPageTestFlow" name="linkpythonclickTest" time="0.453"/>
  <system-out/>
  <testcase classname="FlowTest.ArrayPageTestFlow" name="linkpythonclickTest" time="0.290"/>
  <system-out/>
  <testcase classname="FlowTest.ArrayPageTestFlow" name="lptryhereTest" time="0.685"/>
  <system-out/>
  <testcase classname="FlowTest.ArrayPageTestFlow" name="lptryhereTest" time="0.646"/>
  <system-out/>
  <testcase classname="FlowTest.ArrayPageTestFlow" name="lptryeditTest" time="0.396"/>
  <system-out/>
  <testcase classname="FlowTest.ArrayPageTestFlow" name="lptryeditTest" time="0.316"/>
  <system-out/>
  <testcase classname="FlowTest.ArrayPageTestFlow" name="lpnavigateclick" time="0.132"/>
  <system-out/>
  <testcase classname="FlowTest.ArrayPageTestFlow" name="lpnavigateclick" time="0.186"/>
  <system-out/>
  <testcase classname="FlowTest.ArrayPageTestFlow" name="linkusinglistTest" time="0.354"/>
  <system-out/>
  <testcase classname="FlowTest.ArrayPageTestFlow" name="linkusinglistTest" time="0.251"/>
  <system-out/>
  <testcase classname="FlowTest.ArrayPageTestFlow" name="lltryhereTest" time="0.457"/>
  <system-out/>
  <testcase classname="FlowTest.ArrayPageTestFlow" name="lltryhereTest" time="0.281"/>
  <system-out/>
  <testcase classname="FlowTest.ArrayPageTestFlow" name="lltryeditTest" time="0.287"/>
  <system-out/>
  <testcase classname="FlowTest.ArrayPageTestFlow" name="lltryeditTest" time="0.398"/>
  <system-out/>
  <testcase classname="FlowTest.ArrayPageTestFlow" name="llnavigateTest" time="0.126"/>
  <system-out/>
  <testcase classname="FlowTest.ArrayPageTestFlow" name="llnavigateTest" time="0.116"/>
  <system-out/>
  <testcase classname="FlowTest.ArrayPageTestFlow" name="linkoperationslistTest" time="0.310"/>
  <system-out/>
  <testcase classname="FlowTest.ArrayPageTestFlow" name="linkoperationslistTest" time="0.219"/>
  <system-out/>
  <testcase classname="FlowTest.ArrayPageTestFlow" name="lotryheretest" time="0.411"/>
  <system-out/>
  <testcase classname="FlowTest.ArrayPageTestFlow" name="lotryheretest" time="0.258"/>
  <system-out/>
  <testcase classname="FlowTest.ArrayPageTestFlow" name="lotryeditTest" time="0.273"/>
  <system-out/>
  <testcase classname="FlowTest.ArrayPageTestFlow" name="lotryeditTest" time="0.430"/>
  <system-out/>
  <testcase classname="FlowTest.ArrayPageTestFlow" name="lonavigateTest" time="0.129"/>
  <system-out/>
  <testcase classname="FlowTest.ArrayPageTestFlow" name="lonavigateTest" time="0.124"/>
  <system-out/>
  <testcase classname="FlowTest.ArrayPageTestFlow" name="linkarrayTest" time="0.240"/>
  <system-out/>
  <testcase classname="FlowTest.ArrayPageTestFlow" name="linkarrayTest" time="0.273"/>
  <system-out/>
  <testcase classname="FlowTest.ArrayPageTestFlow" name="latryhereTest" time="0.351"/>
  <system-out/>
  <testcase classname="FlowTest.ArrayPageTestFlow" name="latryhereTest" time="0.287"/>
  <system-out/>
  <testcase classname="FlowTest.ArrayPageTestFlow" name="latryeditTest" time="0.368"/>
  <system-out/>
  <testcase classname="FlowTest.ArrayPageTestFlow" name="latryeditTest" time="0.282"/>
  <system-out/>
  <testcase classname="FlowTest.ArrayPageTestFlow" name="lanavigateTest" time="0.136"/>
  <system-out/>
  <testcase classname="FlowTest.ArrayPageTestFlow" name="lanavigateTest" time="0.097"/>
  <system-out/>
</testsuite> <!-- FlowTest.ArrayPageTestFlow -->
