<?xml version="1.0" encoding="UTF-8"?>
<!-- Generated by org.testng.reporters.JUnitReportReporter -->
<testsuite hostname="DESKTOP-PN8R175" failures="0" tests="8" name="com.DsAlog.Qa.Tests.RegisterTestflow" time="2.362" errors="0" timestamp="2022-04-28T16:22:59 EDT" skipped="2">
  <testcase classname="com.DsAlog.Qa.Tests.RegisterTestflow" name="startpagetest" time="0.358"/>
  <system-out/>
  <testcase classname="com.DsAlog.Qa.Tests.RegisterTestflow" name="startpagetest" time="0.286"/>
  <system-out/>
  <testcase classname="com.DsAlog.Qa.Tests.RegisterTestflow" name="registerpagetest" time="0.162"/>
  <system-out/>
  <testcase classname="com.DsAlog.Qa.Tests.RegisterTestflow" name="registerpagetest" time="0.162"/>
  <system-out/>
  <testcase classname="com.DsAlog.Qa.Tests.RegisterTestflow" name="signinpagetest" time="0.712"/>
  <system-out/>
  <testcase classname="com.DsAlog.Qa.Tests.RegisterTestflow" name="signinpagetest" time="0.682"/>
  <system-out/>
  <testcase classname="com.DsAlog.Qa.Tests.RegisterTestflow" name="HomepageTestgarray">
    <skipped/>
  </testcase> <!-- HomepageTestgarray -->
  <system-out/>
  <testcase classname="com.DsAlog.Qa.Tests.RegisterTestflow" name="HomepageTestgarray">
    <skipped/>
  </testcase> <!-- HomepageTestgarray -->
  <system-out/>
</testsuite> <!-- com.DsAlog.Qa.Tests.RegisterTestflow -->
