<?xml version="1.0" encoding="UTF-8"?>
<!-- Generated by org.testng.reporters.JUnitReportReporter -->
<testsuite hostname="DESKTOP-PN8R175" failures="0" tests="6" name="com.DsAlog.Qa.Tests.DataStructurePageTest" time="3.823" errors="0" timestamp="2022-05-19T21:54:05 EDT" skipped="0">
  <testcase classname="com.DsAlog.Qa.Tests.DataStructurePageTest" name="getstartdsselectionTest" time="0.352"/>
  <system-out/>
  <testcase classname="com.DsAlog.Qa.Tests.DataStructurePageTest" name="getstartdsselectionTest" time="0.357"/>
  <system-out/>
  <testcase classname="com.DsAlog.Qa.Tests.DataStructurePageTest" name="DataStructureLinkCountTest" time="0.080"/>
  <system-out/>
  <testcase classname="com.DsAlog.Qa.Tests.DataStructurePageTest" name="DataStructureLinkCountTest" time="0.068"/>
  <system-out/>
  <testcase classname="com.DsAlog.Qa.Tests.DataStructurePageTest" name="timecomplexclickTest" time="1.587"/>
  <system-out/>
  <testcase classname="com.DsAlog.Qa.Tests.DataStructurePageTest" name="timecomplexclickTest" time="1.379"/>
  <system-out/>
</testsuite> <!-- com.DsAlog.Qa.Tests.DataStructurePageTest -->
