<?xml version="1.0" encoding="UTF-8"?>
<!-- Generated by org.testng.reporters.JUnitReportReporter -->
<testsuite hostname="DESKTOP-PN8R175" failures="0" tests="8" name="com.DsAlog.Qa.Tests.RegisterTestPageFlow" time="3.970" errors="0" timestamp="2022-04-29T00:09:24 EDT" skipped="2">
  <testcase classname="com.DsAlog.Qa.Tests.RegisterTestPageFlow" name="startpagetest" time="0.514"/>
  <system-out/>
  <testcase classname="com.DsAlog.Qa.Tests.RegisterTestPageFlow" name="startpagetest" time="0.332"/>
  <system-out/>
  <testcase classname="com.DsAlog.Qa.Tests.RegisterTestPageFlow" name="registerpagetest" time="0.164"/>
  <system-out/>
  <testcase classname="com.DsAlog.Qa.Tests.RegisterTestPageFlow" name="registerpagetest" time="0.200"/>
  <system-out/>
  <testcase classname="com.DsAlog.Qa.Tests.RegisterTestPageFlow" name="signinpagetest" time="1.324"/>
  <system-out/>
  <testcase classname="com.DsAlog.Qa.Tests.RegisterTestPageFlow" name="signinpagetest" time="1.436"/>
  <system-out/>
  <testcase classname="com.DsAlog.Qa.Tests.RegisterTestPageFlow" name="HomepageTestgarray">
    <skipped/>
  </testcase> <!-- HomepageTestgarray -->
  <system-out/>
  <testcase classname="com.DsAlog.Qa.Tests.RegisterTestPageFlow" name="HomepageTestgarray">
    <skipped/>
  </testcase> <!-- HomepageTestgarray -->
  <system-out/>
</testsuite> <!-- com.DsAlog.Qa.Tests.RegisterTestPageFlow -->
