<?xml version="1.0" encoding="UTF-8"?>
<!-- Generated by org.testng.reporters.JUnitReportReporter -->
<testsuite hostname="DESKTOP-PN8R175" failures="0" tests="18" name="com.DsAlog.Qa.Tests.LinkedListPageTest" time="17.651" errors="0" timestamp="2022-05-19T21:54:05 EDT" skipped="0">
  <testcase classname="com.DsAlog.Qa.Tests.LinkedListPageTest" name="dropLinkedListselectionTest" time="0.508"/>
  <system-out/>
  <testcase classname="com.DsAlog.Qa.Tests.LinkedListPageTest" name="dropLinkedListselectionTest" time="0.510"/>
  <system-out/>
  <testcase classname="com.DsAlog.Qa.Tests.LinkedListPageTest" name="LListLinkCountTest" time="0.334"/>
  <system-out/>
  <testcase classname="com.DsAlog.Qa.Tests.LinkedListPageTest" name="LListLinkCountTest" time="0.311"/>
  <system-out/>
  <testcase classname="com.DsAlog.Qa.Tests.LinkedListPageTest" name="introclickTest" time="1.008"/>
  <system-out/>
  <testcase classname="com.DsAlog.Qa.Tests.LinkedListPageTest" name="introclickTest" time="1.039"/>
  <system-out/>
  <testcase classname="com.DsAlog.Qa.Tests.LinkedListPageTest" name="clinklistclickTest" time="1.151"/>
  <system-out/>
  <testcase classname="com.DsAlog.Qa.Tests.LinkedListPageTest" name="clinklistclickTest" time="1.166"/>
  <system-out/>
  <testcase classname="com.DsAlog.Qa.Tests.LinkedListPageTest" name="typeslinklistTest" time="1.157"/>
  <system-out/>
  <testcase classname="com.DsAlog.Qa.Tests.LinkedListPageTest" name="typeslinklistTest" time="1.181"/>
  <system-out/>
  <testcase classname="com.DsAlog.Qa.Tests.LinkedListPageTest" name="implinklistclickTest" time="1.182"/>
  <system-out/>
  <testcase classname="com.DsAlog.Qa.Tests.LinkedListPageTest" name="implinklistclickTest" time="1.033"/>
  <system-out/>
  <testcase classname="com.DsAlog.Qa.Tests.LinkedListPageTest" name="traversalclickTest" time="1.182"/>
  <system-out/>
  <testcase classname="com.DsAlog.Qa.Tests.LinkedListPageTest" name="traversalclickTest" time="1.086"/>
  <system-out/>
  <testcase classname="com.DsAlog.Qa.Tests.LinkedListPageTest" name="insertionclickTest" time="1.192"/>
  <system-out/>
  <testcase classname="com.DsAlog.Qa.Tests.LinkedListPageTest" name="insertionclickTest" time="1.445"/>
  <system-out/>
  <testcase classname="com.DsAlog.Qa.Tests.LinkedListPageTest" name="deletionclickTest" time="1.093"/>
  <system-out/>
  <testcase classname="com.DsAlog.Qa.Tests.LinkedListPageTest" name="deletionclickTest" time="1.073"/>
  <system-out/>
</testsuite> <!-- com.DsAlog.Qa.Tests.LinkedListPageTest -->
