<?xml version="1.0" encoding="UTF-8"?>
<!-- Generated by org.testng.reporters.JUnitReportReporter -->
<testsuite hostname="DESKTOP-PN8R175" failures="0" tests="6" name="com.DsAlog.Qa.Tests.DataStructurePageTest" time="1.876" errors="0" timestamp="2022-05-04T16:02:48 EDT" skipped="0">
  <testcase classname="com.DsAlog.Qa.Tests.DataStructurePageTest" name="getstartdsselectionTest" time="0.174"/>
  <system-out/>
  <testcase classname="com.DsAlog.Qa.Tests.DataStructurePageTest" name="getstartdsselectionTest" time="0.153"/>
  <system-out/>
  <testcase classname="com.DsAlog.Qa.Tests.DataStructurePageTest" name="DataStructureLinkCountTest" time="0.033"/>
  <system-out/>
  <testcase classname="com.DsAlog.Qa.Tests.DataStructurePageTest" name="DataStructureLinkCountTest" time="0.030"/>
  <system-out/>
  <testcase classname="com.DsAlog.Qa.Tests.DataStructurePageTest" name="timecomplexclickTest" time="0.765"/>
  <system-out/>
  <testcase classname="com.DsAlog.Qa.Tests.DataStructurePageTest" name="timecomplexclickTest" time="0.721"/>
  <system-out/>
</testsuite> <!-- com.DsAlog.Qa.Tests.DataStructurePageTest -->
