<?xml version="1.0" encoding="UTF-8"?>
<!-- Generated by org.testng.reporters.JUnitReportReporter -->
<testsuite hostname="DESKTOP-PN8R175" failures="0" tests="10" name="FlowTest.RegisterPageTestFlow" time="6.943" errors="0" timestamp="2022-05-03T06:55:31 EDT" skipped="2">
  <testcase classname="FlowTest.RegisterPageTestFlow" name="startpagetest" time="1.287"/>
  <system-out/>
  <testcase classname="FlowTest.RegisterPageTestFlow" name="startpagetest" time="0.502"/>
  <system-out/>
  <testcase classname="FlowTest.RegisterPageTestFlow" name="registerpagetest" time="0.216"/>
  <system-out/>
  <testcase classname="FlowTest.RegisterPageTestFlow" name="registerpagetest" time="2.342"/>
  <system-out/>
  <testcase classname="FlowTest.RegisterPageTestFlow" name="signinpagetest" time="0.846"/>
  <system-out/>
  <testcase classname="FlowTest.RegisterPageTestFlow" name="signinpagetest" time="1.154"/>
  <system-out/>
  <testcase classname="FlowTest.RegisterPageTestFlow" name="HPModuleCountTest" time="0.390"/>
  <system-out/>
  <testcase classname="FlowTest.RegisterPageTestFlow" name="HPModuleCountTest" time="0.206"/>
  <system-out/>
  <testcase classname="FlowTest.RegisterPageTestFlow" name="HomePageModuleCount">
    <skipped/>
  </testcase> <!-- HomePageModuleCount -->
  <system-out/>
  <testcase classname="FlowTest.RegisterPageTestFlow" name="HomePageModuleCount">
    <skipped/>
  </testcase> <!-- HomePageModuleCount -->
  <system-out/>
</testsuite> <!-- FlowTest.RegisterPageTestFlow -->
