<?xml version="1.0" encoding="UTF-8"?>
<!-- Generated by org.testng.reporters.JUnitReportReporter -->
<testsuite hostname="DESKTOP-PN8R175" failures="0" tests="6" name="com.DsAlog.Qa.Tests.SigninPageTest" time="3.778" errors="0" timestamp="2022-05-19T21:54:05 EDT" skipped="0">
  <testcase classname="com.DsAlog.Qa.Tests.SigninPageTest" name="registerpageTest" time="0.257"/>
  <system-out/>
  <testcase classname="com.DsAlog.Qa.Tests.SigninPageTest" name="registerpageTest" time="0.405"/>
  <system-out/>
  <testcase classname="com.DsAlog.Qa.Tests.SigninPageTest" name="signinpageTest" time="1.063"/>
  <system-out/>
  <testcase classname="com.DsAlog.Qa.Tests.SigninPageTest" name="signinpageTest" time="1.083"/>
  <system-out/>
  <testcase classname="com.DsAlog.Qa.Tests.SigninPageTest" name="HPModuleCountTest" time="0.463"/>
  <system-out/>
  <testcase classname="com.DsAlog.Qa.Tests.SigninPageTest" name="HPModuleCountTest" time="0.507"/>
  <system-out/>
</testsuite> <!-- com.DsAlog.Qa.Tests.SigninPageTest -->
