<?xml version="1.0" encoding="UTF-8"?>
<!-- Generated by org.testng.reporters.JUnitReportReporter -->
<testsuite hostname="DESKTOP-PN8R175" failures="0" tests="12" name="com.DsAlog.Qa.Tests.QueuePageTest" time="10.722" errors="0" timestamp="2022-05-19T21:54:05 EDT" skipped="0">
  <testcase classname="com.DsAlog.Qa.Tests.QueuePageTest" name="QueueSelctionTest" time="0.512"/>
  <system-out/>
  <testcase classname="com.DsAlog.Qa.Tests.QueuePageTest" name="QueueSelctionTest" time="0.547"/>
  <system-out/>
  <testcase classname="com.DsAlog.Qa.Tests.QueuePageTest" name="QueueLinkCountTest" time="0.177"/>
  <system-out/>
  <testcase classname="com.DsAlog.Qa.Tests.QueuePageTest" name="QueueLinkCountTest" time="0.210"/>
  <system-out/>
  <testcase classname="com.DsAlog.Qa.Tests.QueuePageTest" name="impQueueclickTest" time="1.356"/>
  <system-out/>
  <testcase classname="com.DsAlog.Qa.Tests.QueuePageTest" name="impQueueclickTest" time="1.116"/>
  <system-out/>
  <testcase classname="com.DsAlog.Qa.Tests.QueuePageTest" name="impcollectionsclickTest" time="0.945"/>
  <system-out/>
  <testcase classname="com.DsAlog.Qa.Tests.QueuePageTest" name="impcollectionsclickTest" time="1.346"/>
  <system-out/>
  <testcase classname="com.DsAlog.Qa.Tests.QueuePageTest" name="imparrayclickTest" time="1.072"/>
  <system-out/>
  <testcase classname="com.DsAlog.Qa.Tests.QueuePageTest" name="imparrayclickTest" time="1.237"/>
  <system-out/>
  <testcase classname="com.DsAlog.Qa.Tests.QueuePageTest" name="QueueoperclickTest" time="1.240"/>
  <system-out/>
  <testcase classname="com.DsAlog.Qa.Tests.QueuePageTest" name="QueueoperclickTest" time="0.964"/>
  <system-out/>
</testsuite> <!-- com.DsAlog.Qa.Tests.QueuePageTest -->
