<?xml version="1.0" encoding="UTF-8"?>
<!-- Generated by org.testng.reporters.JUnitReportReporter -->
<testsuite hostname="DESKTOP-PN8R175" failures="0" tests="60" name="FlowTest.LinkedListPageTestFlow" time="15.232" errors="0" timestamp="2022-05-03T06:55:31 EDT" skipped="0">
  <testcase classname="FlowTest.LinkedListPageTestFlow" name="dropLinkedListselectionTest" time="0.484"/>
  <system-out/>
  <testcase classname="FlowTest.LinkedListPageTestFlow" name="dropLinkedListselectionTest" time="0.439"/>
  <system-out/>
  <testcase classname="FlowTest.LinkedListPageTestFlow" name="LListLinkCountTest" time="0.137"/>
  <system-out/>
  <testcase classname="FlowTest.LinkedListPageTestFlow" name="LListLinkCountTest" time="0.328"/>
  <system-out/>
  <testcase classname="FlowTest.LinkedListPageTestFlow" name="introclickTest" time="0.261"/>
  <system-out/>
  <testcase classname="FlowTest.LinkedListPageTestFlow" name="introclickTest" time="0.277"/>
  <system-out/>
  <testcase classname="FlowTest.LinkedListPageTestFlow" name="intryhereTest" time="0.326"/>
  <system-out/>
  <testcase classname="FlowTest.LinkedListPageTestFlow" name="intryhereTest" time="0.301"/>
  <system-out/>
  <testcase classname="FlowTest.LinkedListPageTestFlow" name="intryeditTest" time="0.248"/>
  <system-out/>
  <testcase classname="FlowTest.LinkedListPageTestFlow" name="intryeditTest" time="0.328"/>
  <system-out/>
  <testcase classname="FlowTest.LinkedListPageTestFlow" name="innavigateTest" time="0.224"/>
  <system-out/>
  <testcase classname="FlowTest.LinkedListPageTestFlow" name="innavigateTest" time="0.103"/>
  <system-out/>
  <testcase classname="FlowTest.LinkedListPageTestFlow" name="clinklistclickTest" time="0.315"/>
  <system-out/>
  <testcase classname="FlowTest.LinkedListPageTestFlow" name="clinklistclickTest" time="0.259"/>
  <system-out/>
  <testcase classname="FlowTest.LinkedListPageTestFlow" name="cltryhereTest" time="0.387"/>
  <system-out/>
  <testcase classname="FlowTest.LinkedListPageTestFlow" name="cltryhereTest" time="0.277"/>
  <system-out/>
  <testcase classname="FlowTest.LinkedListPageTestFlow" name="cltryeditTest" time="0.344"/>
  <system-out/>
  <testcase classname="FlowTest.LinkedListPageTestFlow" name="cltryeditTest" time="0.246"/>
  <system-out/>
  <testcase classname="FlowTest.LinkedListPageTestFlow" name="clnavigateTest" time="0.173"/>
  <system-out/>
  <testcase classname="FlowTest.LinkedListPageTestFlow" name="clnavigateTest" time="0.117"/>
  <system-out/>
  <testcase classname="FlowTest.LinkedListPageTestFlow" name="typeslinklistTest" time="0.315"/>
  <system-out/>
  <testcase classname="FlowTest.LinkedListPageTestFlow" name="typeslinklistTest" time="0.276"/>
  <system-out/>
  <testcase classname="FlowTest.LinkedListPageTestFlow" name="tltryhereTest" time="0.354"/>
  <system-out/>
  <testcase classname="FlowTest.LinkedListPageTestFlow" name="tltryhereTest" time="0.263"/>
  <system-out/>
  <testcase classname="FlowTest.LinkedListPageTestFlow" name="tltryeditTest" time="0.341"/>
  <system-out/>
  <testcase classname="FlowTest.LinkedListPageTestFlow" name="tltryeditTest" time="0.247"/>
  <system-out/>
  <testcase classname="FlowTest.LinkedListPageTestFlow" name="tlnavigateTest" time="0.149"/>
  <system-out/>
  <testcase classname="FlowTest.LinkedListPageTestFlow" name="tlnavigateTest" time="0.120"/>
  <system-out/>
  <testcase classname="FlowTest.LinkedListPageTestFlow" name="implinklistclickTest" time="0.236"/>
  <system-out/>
  <testcase classname="FlowTest.LinkedListPageTestFlow" name="implinklistclickTest" time="0.222"/>
  <system-out/>
  <testcase classname="FlowTest.LinkedListPageTestFlow" name="imtryhereTest" time="0.269"/>
  <system-out/>
  <testcase classname="FlowTest.LinkedListPageTestFlow" name="imtryhereTest" time="0.370"/>
  <system-out/>
  <testcase classname="FlowTest.LinkedListPageTestFlow" name="imtryeditTest" time="0.218"/>
  <system-out/>
  <testcase classname="FlowTest.LinkedListPageTestFlow" name="imtryeditTest" time="0.345"/>
  <system-out/>
  <testcase classname="FlowTest.LinkedListPageTestFlow" name="imnavigateTest" time="0.120"/>
  <system-out/>
  <testcase classname="FlowTest.LinkedListPageTestFlow" name="imnavigateTest" time="0.149"/>
  <system-out/>
  <testcase classname="FlowTest.LinkedListPageTestFlow" name="traversalclickTest" time="0.242"/>
  <system-out/>
  <testcase classname="FlowTest.LinkedListPageTestFlow" name="traversalclickTest" time="0.215"/>
  <system-out/>
  <testcase classname="FlowTest.LinkedListPageTestFlow" name="trtryhereTest" time="0.222"/>
  <system-out/>
  <testcase classname="FlowTest.LinkedListPageTestFlow" name="trtryhereTest" time="0.285"/>
  <system-out/>
  <testcase classname="FlowTest.LinkedListPageTestFlow" name="trtryeditTest" time="0.373"/>
  <system-out/>
  <testcase classname="FlowTest.LinkedListPageTestFlow" name="trtryeditTest" time="0.208"/>
  <system-out/>
  <testcase classname="FlowTest.LinkedListPageTestFlow" name="trnavigateTest" time="0.135"/>
  <system-out/>
  <testcase classname="FlowTest.LinkedListPageTestFlow" name="trnavigateTest" time="0.135"/>
  <system-out/>
  <testcase classname="FlowTest.LinkedListPageTestFlow" name="insertionclickTest" time="0.269"/>
  <system-out/>
  <testcase classname="FlowTest.LinkedListPageTestFlow" name="insertionclickTest" time="0.240"/>
  <system-out/>
  <testcase classname="FlowTest.LinkedListPageTestFlow" name="instryhereTest" time="0.214"/>
  <system-out/>
  <testcase classname="FlowTest.LinkedListPageTestFlow" name="instryhereTest" time="0.397"/>
  <system-out/>
  <testcase classname="FlowTest.LinkedListPageTestFlow" name="instryeditTest" time="0.335"/>
  <system-out/>
  <testcase classname="FlowTest.LinkedListPageTestFlow" name="instryeditTest" time="0.190"/>
  <system-out/>
  <testcase classname="FlowTest.LinkedListPageTestFlow" name="insnavigateTest" time="0.122"/>
  <system-out/>
  <testcase classname="FlowTest.LinkedListPageTestFlow" name="insnavigateTest" time="0.161"/>
  <system-out/>
  <testcase classname="FlowTest.LinkedListPageTestFlow" name="deletionclickTest" time="0.195"/>
  <system-out/>
  <testcase classname="FlowTest.LinkedListPageTestFlow" name="deletionclickTest" time="0.264"/>
  <system-out/>
  <testcase classname="FlowTest.LinkedListPageTestFlow" name="detryhereTest" time="0.300"/>
  <system-out/>
  <testcase classname="FlowTest.LinkedListPageTestFlow" name="detryhereTest" time="0.267"/>
  <system-out/>
  <testcase classname="FlowTest.LinkedListPageTestFlow" name="detryeditTest" time="0.269"/>
  <system-out/>
  <testcase classname="FlowTest.LinkedListPageTestFlow" name="detryeditTest" time="0.332"/>
  <system-out/>
  <testcase classname="FlowTest.LinkedListPageTestFlow" name="denavigateTest" time="0.186"/>
  <system-out/>
  <testcase classname="FlowTest.LinkedListPageTestFlow" name="denavigateTest" time="0.108"/>
  <system-out/>
</testsuite> <!-- FlowTest.LinkedListPageTestFlow -->
