<?xml version="1.0" encoding="UTF-8"?>
<!-- Generated by org.testng.reporters.JUnitReportReporter -->
<testsuite hostname="DESKTOP-PN8R175" failures="0" tests="8" name="com.DsAlog.Qa.Tests.SigninPageTestFlow" time="2.676" errors="0" timestamp="2022-05-03T10:23:33 EDT" skipped="2">
  <testcase classname="com.DsAlog.Qa.Tests.SigninPageTestFlow" name="registerpagetest" time="0.195"/>
  <system-out/>
  <testcase classname="com.DsAlog.Qa.Tests.SigninPageTestFlow" name="registerpagetest" time="0.259"/>
  <system-out/>
  <testcase classname="com.DsAlog.Qa.Tests.SigninPageTestFlow" name="signinpagetest" time="0.805"/>
  <system-out/>
  <testcase classname="com.DsAlog.Qa.Tests.SigninPageTestFlow" name="signinpagetest" time="0.779"/>
  <system-out/>
  <testcase classname="com.DsAlog.Qa.Tests.SigninPageTestFlow" name="HPModuleCountTest" time="0.414"/>
  <system-out/>
  <testcase classname="com.DsAlog.Qa.Tests.SigninPageTestFlow" name="HPModuleCountTest" time="0.224"/>
  <system-out/>
  <testcase classname="com.DsAlog.Qa.Tests.SigninPageTestFlow" name="HomePageModuleCount">
    <skipped/>
  </testcase> <!-- HomePageModuleCount -->
  <system-out/>
  <testcase classname="com.DsAlog.Qa.Tests.SigninPageTestFlow" name="HomePageModuleCount">
    <skipped/>
  </testcase> <!-- HomePageModuleCount -->
  <system-out/>
</testsuite> <!-- com.DsAlog.Qa.Tests.SigninPageTestFlow -->
