<?xml version="1.0" encoding="UTF-8"?>
<!-- Generated by org.testng.reporters.JUnitReportReporter -->
<testsuite hostname="DESKTOP-PN8R175" failures="0" tests="8" name="com.DsAlog.Qa.Tests.DsAlgoapages" time="3.500" errors="0" timestamp="2022-04-28T16:32:31 EDT" skipped="2">
  <testcase classname="com.DsAlog.Qa.Tests.DsAlgoapages" name="startpagetest" time="0.371"/>
  <system-out/>
  <testcase classname="com.DsAlog.Qa.Tests.DsAlgoapages" name="startpagetest" time="0.297"/>
  <system-out/>
  <testcase classname="com.DsAlog.Qa.Tests.DsAlgoapages" name="registerpagetest" time="0.164"/>
  <system-out/>
  <testcase classname="com.DsAlog.Qa.Tests.DsAlgoapages" name="registerpagetest" time="0.188"/>
  <system-out/>
  <testcase classname="com.DsAlog.Qa.Tests.DsAlgoapages" name="signinpagetest" time="1.285"/>
  <system-out/>
  <testcase classname="com.DsAlog.Qa.Tests.DsAlgoapages" name="signinpagetest" time="1.195"/>
  <system-out/>
  <testcase classname="com.DsAlog.Qa.Tests.DsAlgoapages" name="HomepageTestgarray">
    <skipped/>
  </testcase> <!-- HomepageTestgarray -->
  <system-out/>
  <testcase classname="com.DsAlog.Qa.Tests.DsAlgoapages" name="HomepageTestgarray">
    <skipped/>
  </testcase> <!-- HomepageTestgarray -->
  <system-out/>
</testsuite> <!-- com.DsAlog.Qa.Tests.DsAlgoapages -->
