<?xml version="1.0" encoding="UTF-8"?>
<!-- Generated by org.testng.reporters.JUnitReportReporter -->
<testsuite hostname="DESKTOP-PN8R175" failures="0" tests="10" name="com.DsAlog.Qa.Tests.GraphPageTest" time="6.686" errors="0" timestamp="2022-05-19T21:54:05 EDT" skipped="0">
  <testcase classname="com.DsAlog.Qa.Tests.GraphPageTest" name="GraphSelctionTest" time="0.616"/>
  <system-out/>
  <testcase classname="com.DsAlog.Qa.Tests.GraphPageTest" name="GraphSelctionTest" time="0.410"/>
  <system-out/>
  <testcase classname="com.DsAlog.Qa.Tests.GraphPageTest" name="GraphLinkCountTest" time="0.115"/>
  <system-out/>
  <testcase classname="com.DsAlog.Qa.Tests.GraphPageTest" name="GraphLinkCountTest" time="0.148"/>
  <system-out/>
  <testcase classname="com.DsAlog.Qa.Tests.GraphPageTest" name="graphclickTest" time="1.042"/>
  <system-out/>
  <testcase classname="com.DsAlog.Qa.Tests.GraphPageTest" name="graphclickTest" time="1.267"/>
  <system-out/>
  <testcase classname="com.DsAlog.Qa.Tests.GraphPageTest" name="graphrepclickTest" time="1.248"/>
  <system-out/>
  <testcase classname="com.DsAlog.Qa.Tests.GraphPageTest" name="graphrepclickTest" time="1.032"/>
  <system-out/>
  <testcase classname="com.DsAlog.Qa.Tests.GraphPageTest" name="SignOutTest" time="0.324"/>
  <system-out/>
  <testcase classname="com.DsAlog.Qa.Tests.GraphPageTest" name="SignOutTest" time="0.484"/>
  <system-out/>
</testsuite> <!-- com.DsAlog.Qa.Tests.GraphPageTest -->
