<?xml version="1.0" encoding="UTF-8"?>
<!-- Generated by org.testng.reporters.JUnitReportReporter -->
<testsuite hostname="DESKTOP-PN8R175" failures="0" tests="6" name="com.DsAlog.Qa.Tests.SigninPageTest" time="1.778" errors="0" timestamp="2022-05-04T16:02:48 EDT" skipped="0">
  <testcase classname="com.DsAlog.Qa.Tests.SigninPageTest" name="registerpageTest" time="0.129"/>
  <system-out/>
  <testcase classname="com.DsAlog.Qa.Tests.SigninPageTest" name="registerpageTest" time="0.136"/>
  <system-out/>
  <testcase classname="com.DsAlog.Qa.Tests.SigninPageTest" name="signinpageTest" time="0.539"/>
  <system-out/>
  <testcase classname="com.DsAlog.Qa.Tests.SigninPageTest" name="signinpageTest" time="0.609"/>
  <system-out/>
  <testcase classname="com.DsAlog.Qa.Tests.SigninPageTest" name="HPModuleCountTest" time="0.206"/>
  <system-out/>
  <testcase classname="com.DsAlog.Qa.Tests.SigninPageTest" name="HPModuleCountTest" time="0.159"/>
  <system-out/>
</testsuite> <!-- com.DsAlog.Qa.Tests.SigninPageTest -->
