<?xml version="1.0" encoding="UTF-8"?>
<!-- Generated by org.testng.reporters.JUnitReportReporter -->
<testsuite hostname="DESKTOP-PN8R175" failures="0" tests="12" name="com.DsAlog.Qa.Tests.ArrayPageTest" time="4.267" errors="0" timestamp="2022-05-04T16:02:48 EDT" skipped="0">
  <testcase classname="com.DsAlog.Qa.Tests.ArrayPageTest" name="ArraySelectionTest" time="0.210"/>
  <system-out/>
  <testcase classname="com.DsAlog.Qa.Tests.ArrayPageTest" name="ArraySelectionTest" time="0.189"/>
  <system-out/>
  <testcase classname="com.DsAlog.Qa.Tests.ArrayPageTest" name="APageModuleCountTest" time="0.077"/>
  <system-out/>
  <testcase classname="com.DsAlog.Qa.Tests.ArrayPageTest" name="APageModuleCountTest" time="0.065"/>
  <system-out/>
  <testcase classname="com.DsAlog.Qa.Tests.ArrayPageTest" name="linkpythonclickTest" time="0.545"/>
  <system-out/>
  <testcase classname="com.DsAlog.Qa.Tests.ArrayPageTest" name="linkpythonclickTest" time="0.481"/>
  <system-out/>
  <testcase classname="com.DsAlog.Qa.Tests.ArrayPageTest" name="linkusinglistTest" time="0.471"/>
  <system-out/>
  <testcase classname="com.DsAlog.Qa.Tests.ArrayPageTest" name="linkusinglistTest" time="0.421"/>
  <system-out/>
  <testcase classname="com.DsAlog.Qa.Tests.ArrayPageTest" name="linkoperationslistTest" time="0.472"/>
  <system-out/>
  <testcase classname="com.DsAlog.Qa.Tests.ArrayPageTest" name="linkoperationslistTest" time="0.423"/>
  <system-out/>
  <testcase classname="com.DsAlog.Qa.Tests.ArrayPageTest" name="linkarrayTest" time="0.444"/>
  <system-out/>
  <testcase classname="com.DsAlog.Qa.Tests.ArrayPageTest" name="linkarrayTest" time="0.469"/>
  <system-out/>
</testsuite> <!-- com.DsAlog.Qa.Tests.ArrayPageTest -->
