<?xml version="1.0" encoding="UTF-8"?>
<!-- Generated by org.testng.reporters.JUnitReportReporter -->
<testsuite hostname="DESKTOP-PN8R175" failures="0" tests="10" name="com.DsAlog.Qa.Tests.StackPageTestFlow" time="7.120" errors="0" timestamp="2022-05-03T10:23:33 EDT" skipped="0">
  <testcase classname="com.DsAlog.Qa.Tests.StackPageTestFlow" name="dropStackselectionTest" time="0.366"/>
  <system-out/>
  <testcase classname="com.DsAlog.Qa.Tests.StackPageTestFlow" name="dropStackselectionTest" time="0.598"/>
  <system-out/>
  <testcase classname="com.DsAlog.Qa.Tests.StackPageTestFlow" name="StackLinkCountTest" time="0.059"/>
  <system-out/>
  <testcase classname="com.DsAlog.Qa.Tests.StackPageTestFlow" name="StackLinkCountTest" time="0.146"/>
  <system-out/>
  <testcase classname="com.DsAlog.Qa.Tests.StackPageTestFlow" name="operationclickTest" time="0.798"/>
  <system-out/>
  <testcase classname="com.DsAlog.Qa.Tests.StackPageTestFlow" name="operationclickTest" time="1.243"/>
  <system-out/>
  <testcase classname="com.DsAlog.Qa.Tests.StackPageTestFlow" name="implementationclickTest" time="0.835"/>
  <system-out/>
  <testcase classname="com.DsAlog.Qa.Tests.StackPageTestFlow" name="implementationclickTest" time="1.112"/>
  <system-out/>
  <testcase classname="com.DsAlog.Qa.Tests.StackPageTestFlow" name="applicationclickTest" time="1.203"/>
  <system-out/>
  <testcase classname="com.DsAlog.Qa.Tests.StackPageTestFlow" name="applicationclickTest" time="0.760"/>
  <system-out/>
</testsuite> <!-- com.DsAlog.Qa.Tests.StackPageTestFlow -->
