<?xml version="1.0" encoding="UTF-8"?>
<!-- Generated by org.testng.reporters.JUnitReportReporter -->
<testsuite hostname="DESKTOP-PN8R175" failures="0" tests="10" name="com.DsAlog.Qa.Tests.StackPageTest" time="3.129" errors="0" timestamp="2022-05-04T16:02:48 EDT" skipped="0">
  <testcase classname="com.DsAlog.Qa.Tests.StackPageTest" name="dropStackselectionTest" time="0.178"/>
  <system-out/>
  <testcase classname="com.DsAlog.Qa.Tests.StackPageTest" name="dropStackselectionTest" time="0.198"/>
  <system-out/>
  <testcase classname="com.DsAlog.Qa.Tests.StackPageTest" name="StackLinkCountTest" time="0.056"/>
  <system-out/>
  <testcase classname="com.DsAlog.Qa.Tests.StackPageTest" name="StackLinkCountTest" time="0.079"/>
  <system-out/>
  <testcase classname="com.DsAlog.Qa.Tests.StackPageTest" name="operationclickTest" time="0.410"/>
  <system-out/>
  <testcase classname="com.DsAlog.Qa.Tests.StackPageTest" name="operationclickTest" time="0.482"/>
  <system-out/>
  <testcase classname="com.DsAlog.Qa.Tests.StackPageTest" name="implementationclickTest" time="0.452"/>
  <system-out/>
  <testcase classname="com.DsAlog.Qa.Tests.StackPageTest" name="implementationclickTest" time="0.401"/>
  <system-out/>
  <testcase classname="com.DsAlog.Qa.Tests.StackPageTest" name="applicationclickTest" time="0.436"/>
  <system-out/>
  <testcase classname="com.DsAlog.Qa.Tests.StackPageTest" name="applicationclickTest" time="0.437"/>
  <system-out/>
</testsuite> <!-- com.DsAlog.Qa.Tests.StackPageTest -->
