<?xml version="1.0" encoding="UTF-8"?>
<!-- Generated by org.testng.reporters.JUnitReportReporter -->
<testsuite hostname="DESKTOP-PN8R175" failures="0" tests="10" name="com.DsAlog.Qa.Tests.TreePageTest" time="9.070" errors="0" timestamp="2022-05-19T21:54:05 EDT" skipped="0">
  <testcase classname="com.DsAlog.Qa.Tests.TreePageTest" name="TreeSelctionTest" time="0.546"/>
  <system-out/>
  <testcase classname="com.DsAlog.Qa.Tests.TreePageTest" name="TreeSelctionTest" time="0.470"/>
  <system-out/>
  <testcase classname="com.DsAlog.Qa.Tests.TreePageTest" name="TreeLinkCountTest" time="0.507"/>
  <system-out/>
  <testcase classname="com.DsAlog.Qa.Tests.TreePageTest" name="TreeLinkCountTest" time="0.551"/>
  <system-out/>
  <testcase classname="com.DsAlog.Qa.Tests.TreePageTest" name="TreeoverviewclickTest" time="1.107"/>
  <system-out/>
  <testcase classname="com.DsAlog.Qa.Tests.TreePageTest" name="TreeoverviewclickTest" time="1.228"/>
  <system-out/>
  <testcase classname="com.DsAlog.Qa.Tests.TreePageTest" name="terminologieclickTest" time="1.209"/>
  <system-out/>
  <testcase classname="com.DsAlog.Qa.Tests.TreePageTest" name="terminologieclickTest" time="1.094"/>
  <system-out/>
  <testcase classname="com.DsAlog.Qa.Tests.TreePageTest" name="treetypesclickTest" time="0.994"/>
  <system-out/>
  <testcase classname="com.DsAlog.Qa.Tests.TreePageTest" name="treetypesclickTest" time="1.364"/>
  <system-out/>
</testsuite> <!-- com.DsAlog.Qa.Tests.TreePageTest -->
