<?xml version="1.0" encoding="UTF-8"?>
<!-- Generated by org.testng.reporters.JUnitReportReporter -->
<testsuite hostname="DESKTOP-PN8R175" failures="0" tests="10" name="com.DsAlog.Qa.Tests.StackPageTest" time="8.276" errors="0" timestamp="2022-05-19T21:54:05 EDT" skipped="0">
  <testcase classname="com.DsAlog.Qa.Tests.StackPageTest" name="dropStackselectionTest" time="0.399"/>
  <system-out/>
  <testcase classname="com.DsAlog.Qa.Tests.StackPageTest" name="dropStackselectionTest" time="0.505"/>
  <system-out/>
  <testcase classname="com.DsAlog.Qa.Tests.StackPageTest" name="StackLinkCountTest" time="0.186"/>
  <system-out/>
  <testcase classname="com.DsAlog.Qa.Tests.StackPageTest" name="StackLinkCountTest" time="0.126"/>
  <system-out/>
  <testcase classname="com.DsAlog.Qa.Tests.StackPageTest" name="operationclickTest" time="1.237"/>
  <system-out/>
  <testcase classname="com.DsAlog.Qa.Tests.StackPageTest" name="operationclickTest" time="1.059"/>
  <system-out/>
  <testcase classname="com.DsAlog.Qa.Tests.StackPageTest" name="implementationclickTest" time="1.081"/>
  <system-out/>
  <testcase classname="com.DsAlog.Qa.Tests.StackPageTest" name="implementationclickTest" time="1.251"/>
  <system-out/>
  <testcase classname="com.DsAlog.Qa.Tests.StackPageTest" name="applicationclickTest" time="1.357"/>
  <system-out/>
  <testcase classname="com.DsAlog.Qa.Tests.StackPageTest" name="applicationclickTest" time="1.075"/>
  <system-out/>
</testsuite> <!-- com.DsAlog.Qa.Tests.StackPageTest -->
