<?xml version="1.0" encoding="UTF-8"?>
<!-- Generated by org.testng.reporters.JUnitReportReporter -->
<testsuite hostname="DESKTOP-PN8R175" failures="0" tests="12" name="com.DsAlog.Qa.Tests.ArrayPageTestFlow" time="10.686" errors="0" timestamp="2022-05-03T10:23:33 EDT" skipped="0">
  <testcase classname="com.DsAlog.Qa.Tests.ArrayPageTestFlow" name="HomepageTestArray" time="0.465"/>
  <system-out/>
  <testcase classname="com.DsAlog.Qa.Tests.ArrayPageTestFlow" name="HomepageTestArray" time="0.342"/>
  <system-out/>
  <testcase classname="com.DsAlog.Qa.Tests.ArrayPageTestFlow" name="APageModuleCountTest" time="0.086"/>
  <system-out/>
  <testcase classname="com.DsAlog.Qa.Tests.ArrayPageTestFlow" name="APageModuleCountTest" time="0.149"/>
  <system-out/>
  <testcase classname="com.DsAlog.Qa.Tests.ArrayPageTestFlow" name="linkpythonclickTest" time="1.354"/>
  <system-out/>
  <testcase classname="com.DsAlog.Qa.Tests.ArrayPageTestFlow" name="linkpythonclickTest" time="1.545"/>
  <system-out/>
  <testcase classname="com.DsAlog.Qa.Tests.ArrayPageTestFlow" name="linkusinglistTest" time="0.975"/>
  <system-out/>
  <testcase classname="com.DsAlog.Qa.Tests.ArrayPageTestFlow" name="linkusinglistTest" time="1.245"/>
  <system-out/>
  <testcase classname="com.DsAlog.Qa.Tests.ArrayPageTestFlow" name="linkoperationslistTest" time="0.980"/>
  <system-out/>
  <testcase classname="com.DsAlog.Qa.Tests.ArrayPageTestFlow" name="linkoperationslistTest" time="1.250"/>
  <system-out/>
  <testcase classname="com.DsAlog.Qa.Tests.ArrayPageTestFlow" name="linkarrayTest" time="1.419"/>
  <system-out/>
  <testcase classname="com.DsAlog.Qa.Tests.ArrayPageTestFlow" name="linkarrayTest" time="0.876"/>
  <system-out/>
</testsuite> <!-- com.DsAlog.Qa.Tests.ArrayPageTestFlow -->
