<?xml version="1.0" encoding="UTF-8"?>
<!-- Generated by org.testng.reporters.JUnitReportReporter -->
<testsuite hostname="DESKTOP-PN8R175" failures="0" tests="10" name="com.DsAlog.Qa.Tests.GraphPageTest" time="2.637" errors="0" timestamp="2022-05-04T16:02:48 EDT" skipped="0">
  <testcase classname="com.DsAlog.Qa.Tests.GraphPageTest" name="GraphSelctionTest" time="0.203"/>
  <system-out/>
  <testcase classname="com.DsAlog.Qa.Tests.GraphPageTest" name="GraphSelctionTest" time="0.187"/>
  <system-out/>
  <testcase classname="com.DsAlog.Qa.Tests.GraphPageTest" name="GraphLinkCountTest" time="0.047"/>
  <system-out/>
  <testcase classname="com.DsAlog.Qa.Tests.GraphPageTest" name="GraphLinkCountTest" time="0.040"/>
  <system-out/>
  <testcase classname="com.DsAlog.Qa.Tests.GraphPageTest" name="graphclickTest" time="0.439"/>
  <system-out/>
  <testcase classname="com.DsAlog.Qa.Tests.GraphPageTest" name="graphclickTest" time="0.437"/>
  <system-out/>
  <testcase classname="com.DsAlog.Qa.Tests.GraphPageTest" name="graphrepclickTest" time="0.527"/>
  <system-out/>
  <testcase classname="com.DsAlog.Qa.Tests.GraphPageTest" name="graphrepclickTest" time="0.425"/>
  <system-out/>
  <testcase classname="com.DsAlog.Qa.Tests.GraphPageTest" name="SignOutTest" time="0.175"/>
  <system-out/>
  <testcase classname="com.DsAlog.Qa.Tests.GraphPageTest" name="SignOutTest" time="0.157"/>
  <system-out/>
</testsuite> <!-- com.DsAlog.Qa.Tests.GraphPageTest -->
